I, [2023-02-21T11:28:08.728914 #20401]  INFO -- default-debian: -----> Creating <default-debian>...
I, [2023-02-21T11:28:09.130740 #20401]  INFO -- default-debian: Bringing machine 'default' up with 'libvirt' provider...
I, [2023-02-21T11:28:09.283628 #20401]  INFO -- default-debian: <internal:/usr/lib/ruby/vendor_ruby/rubygems/core_ext/kernel_require.rb>:85:in `require': unknown error - virInitialize failed (SystemCallError)
I, [2023-02-21T11:28:09.283667 #20401]  INFO -- default-debian: 	from <internal:/usr/lib/ruby/vendor_ruby/rubygems/core_ext/kernel_require.rb>:85:in `require'
I, [2023-02-21T11:28:09.283674 #20401]  INFO -- default-debian: 	from /usr/lib/ruby/vendor_ruby/libvirt.rb:11:in `<top (required)>'
I, [2023-02-21T11:28:09.283679 #20401]  INFO -- default-debian: 	from <internal:/usr/lib/ruby/vendor_ruby/rubygems/core_ext/kernel_require.rb>:85:in `require'
I, [2023-02-21T11:28:09.283684 #20401]  INFO -- default-debian: 	from <internal:/usr/lib/ruby/vendor_ruby/rubygems/core_ext/kernel_require.rb>:85:in `require'
I, [2023-02-21T11:28:09.283692 #20401]  INFO -- default-debian: 	from /usr/lib/ruby/vendor_ruby/fog/libvirt.rb:4:in `<top (required)>'
I, [2023-02-21T11:28:09.283697 #20401]  INFO -- default-debian: 	from <internal:/usr/lib/ruby/vendor_ruby/rubygems/core_ext/kernel_require.rb>:85:in `require'
I, [2023-02-21T11:28:09.283804 #20401]  INFO -- default-debian: 	from <internal:/usr/lib/ruby/vendor_ruby/rubygems/core_ext/kernel_require.rb>:85:in `require'
I, [2023-02-21T11:28:09.283810 #20401]  INFO -- default-debian: 	from /usr/share/rubygems-integration/all/gems/vagrant-libvirt-0.11.2/lib/vagrant-libvirt/driver.rb:3:in `<top (required)>'
I, [2023-02-21T11:28:09.283815 #20401]  INFO -- default-debian: 	from <internal:/usr/lib/ruby/vendor_ruby/rubygems/core_ext/kernel_require.rb>:85:in `require'
I, [2023-02-21T11:28:09.283820 #20401]  INFO -- default-debian: 	from <internal:/usr/lib/ruby/vendor_ruby/rubygems/core_ext/kernel_require.rb>:85:in `require'
I, [2023-02-21T11:28:09.283844 #20401]  INFO -- default-debian: 	from /usr/share/rubygems-integration/all/gems/vagrant-libvirt-0.11.2/lib/vagrant-libvirt/provider.rb:31:in `driver'
I, [2023-02-21T11:28:09.283851 #20401]  INFO -- default-debian: 	from /usr/share/rubygems-integration/all/gems/vagrant-libvirt-0.11.2/lib/vagrant-libvirt/action/create_networks.rb:28:in `initialize'
I, [2023-02-21T11:28:09.283856 #20401]  INFO -- default-debian: 	from /usr/share/rubygems-integration/all/gems/vagrant-2.3.4/lib/vagrant/action/warden.rb:121:in `new'
I, [2023-02-21T11:28:09.283862 #20401]  INFO -- default-debian: 	from /usr/share/rubygems-integration/all/gems/vagrant-2.3.4/lib/vagrant/action/warden.rb:121:in `finalize_action'
I, [2023-02-21T11:28:09.283868 #20401]  INFO -- default-debian: 	from /usr/share/rubygems-integration/all/gems/vagrant-2.3.4/lib/vagrant/action/warden.rb:34:in `block in initialize'
I, [2023-02-21T11:28:09.283875 #20401]  INFO -- default-debian: 	from /usr/share/rubygems-integration/all/gems/vagrant-2.3.4/lib/vagrant/action/warden.rb:34:in `map'
I, [2023-02-21T11:28:09.283881 #20401]  INFO -- default-debian: 	from /usr/share/rubygems-integration/all/gems/vagrant-2.3.4/lib/vagrant/action/warden.rb:34:in `initialize'
I, [2023-02-21T11:28:09.283887 #20401]  INFO -- default-debian: 	from /usr/share/rubygems-integration/all/gems/vagrant-2.3.4/lib/vagrant/action/builder.rb:220:in `new'
I, [2023-02-21T11:28:09.283900 #20401]  INFO -- default-debian: 	from /usr/share/rubygems-integration/all/gems/vagrant-2.3.4/lib/vagrant/action/builder.rb:220:in `to_app'
I, [2023-02-21T11:28:09.283905 #20401]  INFO -- default-debian: 	from /usr/share/rubygems-integration/all/gems/vagrant-2.3.4/lib/vagrant/action/builtin/call.rb:52:in `call'
I, [2023-02-21T11:28:09.283910 #20401]  INFO -- default-debian: 	from /usr/share/rubygems-integration/all/gems/vagrant-2.3.4/lib/vagrant/action/warden.rb:48:in `call'
I, [2023-02-21T11:28:09.283915 #20401]  INFO -- default-debian: 	from /usr/share/rubygems-integration/all/gems/vagrant-2.3.4/lib/vagrant/action/builtin/box_check_outdated.rb:31:in `call'
I, [2023-02-21T11:28:09.283927 #20401]  INFO -- default-debian: 	from /usr/share/rubygems-integration/all/gems/vagrant-2.3.4/lib/vagrant/action/warden.rb:48:in `call'
I, [2023-02-21T11:28:09.283932 #20401]  INFO -- default-debian: 	from /usr/share/rubygems-integration/all/gems/vagrant-2.3.4/lib/vagrant/action/builtin/config_validate.rb:25:in `call'
I, [2023-02-21T11:28:09.283937 #20401]  INFO -- default-debian: 	from /usr/share/rubygems-integration/all/gems/vagrant-2.3.4/lib/vagrant/action/warden.rb:48:in `call'
I, [2023-02-21T11:28:09.283942 #20401]  INFO -- default-debian: 	from /usr/share/rubygems-integration/all/gems/vagrant-2.3.4/lib/vagrant/action/builder.rb:180:in `call'
I, [2023-02-21T11:28:09.283947 #20401]  INFO -- default-debian: 	from /usr/share/rubygems-integration/all/gems/vagrant-2.3.4/lib/vagrant/action/runner.rb:101:in `block in run'
I, [2023-02-21T11:28:09.283953 #20401]  INFO -- default-debian: 	from /usr/share/rubygems-integration/all/gems/vagrant-2.3.4/lib/vagrant/util/busy.rb:19:in `busy'
I, [2023-02-21T11:28:09.283959 #20401]  INFO -- default-debian: 	from /usr/share/rubygems-integration/all/gems/vagrant-2.3.4/lib/vagrant/action/runner.rb:101:in `run'
I, [2023-02-21T11:28:09.283963 #20401]  INFO -- default-debian: 	from /usr/share/rubygems-integration/all/gems/vagrant-2.3.4/lib/vagrant/machine.rb:248:in `action_raw'
I, [2023-02-21T11:28:09.283975 #20401]  INFO -- default-debian: 	from /usr/share/rubygems-integration/all/gems/vagrant-2.3.4/lib/vagrant/machine.rb:217:in `block in action'
I, [2023-02-21T11:28:09.283980 #20401]  INFO -- default-debian: 	from /usr/share/rubygems-integration/all/gems/vagrant-2.3.4/lib/vagrant/environment.rb:631:in `lock'
I, [2023-02-21T11:28:09.283984 #20401]  INFO -- default-debian: 	from /usr/share/rubygems-integration/all/gems/vagrant-2.3.4/lib/vagrant/machine.rb:203:in `call'
I, [2023-02-21T11:28:09.283989 #20401]  INFO -- default-debian: 	from /usr/share/rubygems-integration/all/gems/vagrant-2.3.4/lib/vagrant/machine.rb:203:in `action'
I, [2023-02-21T11:28:09.283995 #20401]  INFO -- default-debian: 	from /usr/share/rubygems-integration/all/gems/vagrant-2.3.4/lib/vagrant/batch_action.rb:86:in `block (2 levels) in run'
E, [2023-02-21T11:28:09.300869 #20401] ERROR -- default-debian: Create failed on instance <default-debian>.
E, [2023-02-21T11:28:09.300950 #20401] ERROR -- default-debian: ------Exception-------
E, [2023-02-21T11:28:09.300956 #20401] ERROR -- default-debian: Class: Kitchen::ShellOut::ShellCommandFailed
E, [2023-02-21T11:28:09.300960 #20401] ERROR -- default-debian: Message: Expected process to exit with [0], but received '1'
---- Begin output of vagrant up --no-provision --provider libvirt ----
STDOUT: Bringing machine 'default' up with 'libvirt' provider...
STDERR: <internal:/usr/lib/ruby/vendor_ruby/rubygems/core_ext/kernel_require.rb>:85:in `require': unknown error - virInitialize failed (SystemCallError)
	from <internal:/usr/lib/ruby/vendor_ruby/rubygems/core_ext/kernel_require.rb>:85:in `require'
	from /usr/lib/ruby/vendor_ruby/libvirt.rb:11:in `<top (required)>'
	from <internal:/usr/lib/ruby/vendor_ruby/rubygems/core_ext/kernel_require.rb>:85:in `require'
	from <internal:/usr/lib/ruby/vendor_ruby/rubygems/core_ext/kernel_require.rb>:85:in `require'
	from /usr/lib/ruby/vendor_ruby/fog/libvirt.rb:4:in `<top (required)>'
	from <internal:/usr/lib/ruby/vendor_ruby/rubygems/core_ext/kernel_require.rb>:85:in `require'
	from <internal:/usr/lib/ruby/vendor_ruby/rubygems/core_ext/kernel_require.rb>:85:in `require'
	from /usr/share/rubygems-integration/all/gems/vagrant-libvirt-0.11.2/lib/vagrant-libvirt/driver.rb:3:in `<top (required)>'
	from <internal:/usr/lib/ruby/vendor_ruby/rubygems/core_ext/kernel_require.rb>:85:in `require'
	from <internal:/usr/lib/ruby/vendor_ruby/rubygems/core_ext/kernel_require.rb>:85:in `require'
	from /usr/share/rubygems-integration/all/gems/vagrant-libvirt-0.11.2/lib/vagrant-libvirt/provider.rb:31:in `driver'
	from /usr/share/rubygems-integration/all/gems/vagrant-libvirt-0.11.2/lib/vagrant-libvirt/action/create_networks.rb:28:in `initialize'
	from /usr/share/rubygems-integration/all/gems/vagrant-2.3.4/lib/vagrant/action/warden.rb:121:in `new'
	from /usr/share/rubygems-integration/all/gems/vagrant-2.3.4/lib/vagrant/action/warden.rb:121:in `finalize_action'
	from /usr/share/rubygems-integration/all/gems/vagrant-2.3.4/lib/vagrant/action/warden.rb:34:in `block in initialize'
	from /usr/share/rubygems-integration/all/gems/vagrant-2.3.4/lib/vagrant/action/warden.rb:34:in `map'
	from /usr/share/rubygems-integration/all/gems/vagrant-2.3.4/lib/vagrant/action/warden.rb:34:in `initialize'
	from /usr/share/rubygems-integration/all/gems/vagrant-2.3.4/lib/vagrant/action/builder.rb:220:in `new'
	from /usr/share/rubygems-integration/all/gems/vagrant-2.3.4/lib/vagrant/action/builder.rb:220:in `to_app'
	from /usr/share/rubygems-integration/all/gems/vagrant-2.3.4/lib/vagrant/action/builtin/call.rb:52:in `call'
	from /usr/share/rubygems-integration/all/gems/vagrant-2.3.4/lib/vagrant/action/warden.rb:48:in `call'
	from /usr/share/rubygems-integration/all/gems/vagrant-2.3.4/lib/vagrant/action/builtin/box_check_outdated.rb:31:in `call'
	from /usr/share/rubygems-integration/all/gems/vagrant-2.3.4/lib/vagrant/action/warden.rb:48:in `call'
	from /usr/share/rubygems-integration/all/gems/vagrant-2.3.4/lib/vagrant/action/builtin/config_validate.rb:25:in `call'
	from /usr/share/rubygems-integration/all/gems/vagrant-2.3.4/lib/vagrant/action/warden.rb:48:in `call'
	from /usr/share/rubygems-integration/all/gems/vagrant-2.3.4/lib/vagrant/action/builder.rb:180:in `call'
	from /usr/share/rubygems-integration/all/gems/vagrant-2.3.4/lib/vagrant/action/runner.rb:101:in `block in run'
	from /usr/share/rubygems-integration/all/gems/vagrant-2.3.4/lib/vagrant/util/busy.rb:19:in `busy'
	from /usr/share/rubygems-integration/all/gems/vagrant-2.3.4/lib/vagrant/action/runner.rb:101:in `run'
	from /usr/share/rubygems-integration/all/gems/vagrant-2.3.4/lib/vagrant/machine.rb:248:in `action_raw'
	from /usr/share/rubygems-integration/all/gems/vagrant-2.3.4/lib/vagrant/machine.rb:217:in `block in action'
	from /usr/share/rubygems-integration/all/gems/vagrant-2.3.4/lib/vagrant/environment.rb:631:in `lock'
	from /usr/share/rubygems-integration/all/gems/vagrant-2.3.4/lib/vagrant/machine.rb:203:in `call'
	from /usr/share/rubygems-integration/all/gems/vagrant-2.3.4/lib/vagrant/machine.rb:203:in `action'
	from /usr/share/rubygems-integration/all/gems/vagrant-2.3.4/lib/vagrant/batch_action.rb:86:in `block (2 levels) in run'
---- End output of vagrant up --no-provision --provider libvirt ----
Ran vagrant up --no-provision --provider libvirt returned 1
E, [2023-02-21T11:28:09.300971 #20401] ERROR -- default-debian: ----------------------
E, [2023-02-21T11:28:09.300975 #20401] ERROR -- default-debian: ------Backtrace-------
E, [2023-02-21T11:28:09.300978 #20401] ERROR -- default-debian: /var/lib/gems/3.1.0/gems/test-kitchen-3.5.0/lib/kitchen/shell_out.rb:70:in `rescue in run_command'
E, [2023-02-21T11:28:09.300996 #20401] ERROR -- default-debian: /var/lib/gems/3.1.0/gems/test-kitchen-3.5.0/lib/kitchen/shell_out.rb:57:in `run_command'
E, [2023-02-21T11:28:09.300999 #20401] ERROR -- default-debian: /var/lib/gems/3.1.0/gems/kitchen-vagrant-1.14.0/lib/kitchen/driver/vagrant.rb:484:in `run_command'
E, [2023-02-21T11:28:09.301002 #20401] ERROR -- default-debian: /var/lib/gems/3.1.0/gems/kitchen-vagrant-1.14.0/lib/kitchen/driver/vagrant.rb:431:in `run'
E, [2023-02-21T11:28:09.301005 #20401] ERROR -- default-debian: /var/lib/gems/3.1.0/gems/kitchen-vagrant-1.14.0/lib/kitchen/driver/vagrant.rb:535:in `run_vagrant_up'
E, [2023-02-21T11:28:09.301008 #20401] ERROR -- default-debian: /var/lib/gems/3.1.0/gems/kitchen-vagrant-1.14.0/lib/kitchen/driver/vagrant.rb:119:in `create'
E, [2023-02-21T11:28:09.301011 #20401] ERROR -- default-debian: /var/lib/gems/3.1.0/gems/test-kitchen-3.5.0/lib/kitchen/instance.rb:495:in `public_send'
E, [2023-02-21T11:28:09.301014 #20401] ERROR -- default-debian: /var/lib/gems/3.1.0/gems/test-kitchen-3.5.0/lib/kitchen/instance.rb:495:in `block in perform_action'
E, [2023-02-21T11:28:09.301018 #20401] ERROR -- default-debian: /var/lib/gems/3.1.0/gems/test-kitchen-3.5.0/lib/kitchen/instance.rb:560:in `block in synchronize_or_call'
E, [2023-02-21T11:28:09.301022 #20401] ERROR -- default-debian: /var/lib/gems/3.1.0/gems/test-kitchen-3.5.0/lib/kitchen/instance.rb:558:in `synchronize'
E, [2023-02-21T11:28:09.301026 #20401] ERROR -- default-debian: /var/lib/gems/3.1.0/gems/test-kitchen-3.5.0/lib/kitchen/instance.rb:558:in `synchronize_or_call'
E, [2023-02-21T11:28:09.301029 #20401] ERROR -- default-debian: /var/lib/gems/3.1.0/gems/test-kitchen-3.5.0/lib/kitchen/instance.rb:524:in `block in action'
E, [2023-02-21T11:28:09.301032 #20401] ERROR -- default-debian: /usr/lib/ruby/3.1.0/benchmark.rb:296:in `measure'
E, [2023-02-21T11:28:09.301036 #20401] ERROR -- default-debian: /var/lib/gems/3.1.0/gems/test-kitchen-3.5.0/lib/kitchen/instance.rb:523:in `action'
E, [2023-02-21T11:28:09.301039 #20401] ERROR -- default-debian: /var/lib/gems/3.1.0/gems/test-kitchen-3.5.0/lib/kitchen/instance.rb:495:in `perform_action'
E, [2023-02-21T11:28:09.301042 #20401] ERROR -- default-debian: /var/lib/gems/3.1.0/gems/test-kitchen-3.5.0/lib/kitchen/instance.rb:404:in `create_action'
E, [2023-02-21T11:28:09.301046 #20401] ERROR -- default-debian: /var/lib/gems/3.1.0/gems/test-kitchen-3.5.0/lib/kitchen/instance.rb:392:in `block (2 levels) in transition_to'
E, [2023-02-21T11:28:09.301049 #20401] ERROR -- default-debian: /var/lib/gems/3.1.0/gems/test-kitchen-3.5.0/lib/kitchen/lifecycle_hooks.rb:47:in `run_with_hooks'
E, [2023-02-21T11:28:09.301052 #20401] ERROR -- default-debian: /var/lib/gems/3.1.0/gems/test-kitchen-3.5.0/lib/kitchen/instance.rb:391:in `block in transition_to'
E, [2023-02-21T11:28:09.301055 #20401] ERROR -- default-debian: /var/lib/gems/3.1.0/gems/test-kitchen-3.5.0/lib/kitchen/instance.rb:390:in `each'
E, [2023-02-21T11:28:09.301058 #20401] ERROR -- default-debian: /var/lib/gems/3.1.0/gems/test-kitchen-3.5.0/lib/kitchen/instance.rb:390:in `transition_to'
E, [2023-02-21T11:28:09.301061 #20401] ERROR -- default-debian: /var/lib/gems/3.1.0/gems/test-kitchen-3.5.0/lib/kitchen/instance.rb:128:in `create'
E, [2023-02-21T11:28:09.301064 #20401] ERROR -- default-debian: /var/lib/gems/3.1.0/gems/test-kitchen-3.5.0/lib/kitchen/command.rb:195:in `public_send'
E, [2023-02-21T11:28:09.301067 #20401] ERROR -- default-debian: /var/lib/gems/3.1.0/gems/test-kitchen-3.5.0/lib/kitchen/command.rb:195:in `run_action_in_thread'
E, [2023-02-21T11:28:09.301071 #20401] ERROR -- default-debian: /var/lib/gems/3.1.0/gems/test-kitchen-3.5.0/lib/kitchen/command.rb:166:in `block (2 levels) in run_action'
E, [2023-02-21T11:28:09.301074 #20401] ERROR -- default-debian: ----End Backtrace-----
E, [2023-02-21T11:28:09.301077 #20401] ERROR -- default-debian: ---Nested Exception---
E, [2023-02-21T11:28:09.301079 #20401] ERROR -- default-debian: Class: Mixlib::ShellOut::ShellCommandFailed
E, [2023-02-21T11:28:09.301083 #20401] ERROR -- default-debian: Message: Expected process to exit with [0], but received '1'
---- Begin output of vagrant up --no-provision --provider libvirt ----
STDOUT: Bringing machine 'default' up with 'libvirt' provider...
STDERR: <internal:/usr/lib/ruby/vendor_ruby/rubygems/core_ext/kernel_require.rb>:85:in `require': unknown error - virInitialize failed (SystemCallError)
	from <internal:/usr/lib/ruby/vendor_ruby/rubygems/core_ext/kernel_require.rb>:85:in `require'
	from /usr/lib/ruby/vendor_ruby/libvirt.rb:11:in `<top (required)>'
	from <internal:/usr/lib/ruby/vendor_ruby/rubygems/core_ext/kernel_require.rb>:85:in `require'
	from <internal:/usr/lib/ruby/vendor_ruby/rubygems/core_ext/kernel_require.rb>:85:in `require'
	from /usr/lib/ruby/vendor_ruby/fog/libvirt.rb:4:in `<top (required)>'
	from <internal:/usr/lib/ruby/vendor_ruby/rubygems/core_ext/kernel_require.rb>:85:in `require'
	from <internal:/usr/lib/ruby/vendor_ruby/rubygems/core_ext/kernel_require.rb>:85:in `require'
	from /usr/share/rubygems-integration/all/gems/vagrant-libvirt-0.11.2/lib/vagrant-libvirt/driver.rb:3:in `<top (required)>'
	from <internal:/usr/lib/ruby/vendor_ruby/rubygems/core_ext/kernel_require.rb>:85:in `require'
	from <internal:/usr/lib/ruby/vendor_ruby/rubygems/core_ext/kernel_require.rb>:85:in `require'
	from /usr/share/rubygems-integration/all/gems/vagrant-libvirt-0.11.2/lib/vagrant-libvirt/provider.rb:31:in `driver'
	from /usr/share/rubygems-integration/all/gems/vagrant-libvirt-0.11.2/lib/vagrant-libvirt/action/create_networks.rb:28:in `initialize'
	from /usr/share/rubygems-integration/all/gems/vagrant-2.3.4/lib/vagrant/action/warden.rb:121:in `new'
	from /usr/share/rubygems-integration/all/gems/vagrant-2.3.4/lib/vagrant/action/warden.rb:121:in `finalize_action'
	from /usr/share/rubygems-integration/all/gems/vagrant-2.3.4/lib/vagrant/action/warden.rb:34:in `block in initialize'
	from /usr/share/rubygems-integration/all/gems/vagrant-2.3.4/lib/vagrant/action/warden.rb:34:in `map'
	from /usr/share/rubygems-integration/all/gems/vagrant-2.3.4/lib/vagrant/action/warden.rb:34:in `initialize'
	from /usr/share/rubygems-integration/all/gems/vagrant-2.3.4/lib/vagrant/action/builder.rb:220:in `new'
	from /usr/share/rubygems-integration/all/gems/vagrant-2.3.4/lib/vagrant/action/builder.rb:220:in `to_app'
	from /usr/share/rubygems-integration/all/gems/vagrant-2.3.4/lib/vagrant/action/builtin/call.rb:52:in `call'
	from /usr/share/rubygems-integration/all/gems/vagrant-2.3.4/lib/vagrant/action/warden.rb:48:in `call'
	from /usr/share/rubygems-integration/all/gems/vagrant-2.3.4/lib/vagrant/action/builtin/box_check_outdated.rb:31:in `call'
	from /usr/share/rubygems-integration/all/gems/vagrant-2.3.4/lib/vagrant/action/warden.rb:48:in `call'
	from /usr/share/rubygems-integration/all/gems/vagrant-2.3.4/lib/vagrant/action/builtin/config_validate.rb:25:in `call'
	from /usr/share/rubygems-integration/all/gems/vagrant-2.3.4/lib/vagrant/action/warden.rb:48:in `call'
	from /usr/share/rubygems-integration/all/gems/vagrant-2.3.4/lib/vagrant/action/builder.rb:180:in `call'
	from /usr/share/rubygems-integration/all/gems/vagrant-2.3.4/lib/vagrant/action/runner.rb:101:in `block in run'
	from /usr/share/rubygems-integration/all/gems/vagrant-2.3.4/lib/vagrant/util/busy.rb:19:in `busy'
	from /usr/share/rubygems-integration/all/gems/vagrant-2.3.4/lib/vagrant/action/runner.rb:101:in `run'
	from /usr/share/rubygems-integration/all/gems/vagrant-2.3.4/lib/vagrant/machine.rb:248:in `action_raw'
	from /usr/share/rubygems-integration/all/gems/vagrant-2.3.4/lib/vagrant/machine.rb:217:in `block in action'
	from /usr/share/rubygems-integration/all/gems/vagrant-2.3.4/lib/vagrant/environment.rb:631:in `lock'
	from /usr/share/rubygems-integration/all/gems/vagrant-2.3.4/lib/vagrant/machine.rb:203:in `call'
	from /usr/share/rubygems-integration/all/gems/vagrant-2.3.4/lib/vagrant/machine.rb:203:in `action'
	from /usr/share/rubygems-integration/all/gems/vagrant-2.3.4/lib/vagrant/batch_action.rb:86:in `block (2 levels) in run'
---- End output of vagrant up --no-provision --provider libvirt ----
Ran vagrant up --no-provision --provider libvirt returned 1
E, [2023-02-21T11:28:09.301089 #20401] ERROR -- default-debian: ----------------------
E, [2023-02-21T11:28:09.301092 #20401] ERROR -- default-debian: ------Backtrace-------
E, [2023-02-21T11:28:09.301095 #20401] ERROR -- default-debian: /var/lib/gems/3.1.0/gems/test-kitchen-3.5.0/lib/kitchen/shell_out.rb:70:in `rescue in run_command'
E, [2023-02-21T11:28:09.301098 #20401] ERROR -- default-debian: /var/lib/gems/3.1.0/gems/test-kitchen-3.5.0/lib/kitchen/shell_out.rb:57:in `run_command'
E, [2023-02-21T11:28:09.301101 #20401] ERROR -- default-debian: /var/lib/gems/3.1.0/gems/kitchen-vagrant-1.14.0/lib/kitchen/driver/vagrant.rb:484:in `run_command'
E, [2023-02-21T11:28:09.301104 #20401] ERROR -- default-debian: /var/lib/gems/3.1.0/gems/kitchen-vagrant-1.14.0/lib/kitchen/driver/vagrant.rb:431:in `run'
E, [2023-02-21T11:28:09.301107 #20401] ERROR -- default-debian: /var/lib/gems/3.1.0/gems/kitchen-vagrant-1.14.0/lib/kitchen/driver/vagrant.rb:535:in `run_vagrant_up'
E, [2023-02-21T11:28:09.301110 #20401] ERROR -- default-debian: /var/lib/gems/3.1.0/gems/kitchen-vagrant-1.14.0/lib/kitchen/driver/vagrant.rb:119:in `create'
E, [2023-02-21T11:28:09.301115 #20401] ERROR -- default-debian: /var/lib/gems/3.1.0/gems/test-kitchen-3.5.0/lib/kitchen/instance.rb:495:in `public_send'
E, [2023-02-21T11:28:09.301118 #20401] ERROR -- default-debian: /var/lib/gems/3.1.0/gems/test-kitchen-3.5.0/lib/kitchen/instance.rb:495:in `block in perform_action'
E, [2023-02-21T11:28:09.301121 #20401] ERROR -- default-debian: /var/lib/gems/3.1.0/gems/test-kitchen-3.5.0/lib/kitchen/instance.rb:560:in `block in synchronize_or_call'
E, [2023-02-21T11:28:09.301124 #20401] ERROR -- default-debian: /var/lib/gems/3.1.0/gems/test-kitchen-3.5.0/lib/kitchen/instance.rb:558:in `synchronize'
E, [2023-02-21T11:28:09.301127 #20401] ERROR -- default-debian: /var/lib/gems/3.1.0/gems/test-kitchen-3.5.0/lib/kitchen/instance.rb:558:in `synchronize_or_call'
E, [2023-02-21T11:28:09.301130 #20401] ERROR -- default-debian: /var/lib/gems/3.1.0/gems/test-kitchen-3.5.0/lib/kitchen/instance.rb:524:in `block in action'
E, [2023-02-21T11:28:09.301133 #20401] ERROR -- default-debian: /usr/lib/ruby/3.1.0/benchmark.rb:296:in `measure'
E, [2023-02-21T11:28:09.301136 #20401] ERROR -- default-debian: /var/lib/gems/3.1.0/gems/test-kitchen-3.5.0/lib/kitchen/instance.rb:523:in `action'
E, [2023-02-21T11:28:09.301139 #20401] ERROR -- default-debian: /var/lib/gems/3.1.0/gems/test-kitchen-3.5.0/lib/kitchen/instance.rb:495:in `perform_action'
E, [2023-02-21T11:28:09.301142 #20401] ERROR -- default-debian: /var/lib/gems/3.1.0/gems/test-kitchen-3.5.0/lib/kitchen/instance.rb:404:in `create_action'
E, [2023-02-21T11:28:09.301145 #20401] ERROR -- default-debian: /var/lib/gems/3.1.0/gems/test-kitchen-3.5.0/lib/kitchen/instance.rb:392:in `block (2 levels) in transition_to'
E, [2023-02-21T11:28:09.301148 #20401] ERROR -- default-debian: /var/lib/gems/3.1.0/gems/test-kitchen-3.5.0/lib/kitchen/lifecycle_hooks.rb:47:in `run_with_hooks'
E, [2023-02-21T11:28:09.301151 #20401] ERROR -- default-debian: /var/lib/gems/3.1.0/gems/test-kitchen-3.5.0/lib/kitchen/instance.rb:391:in `block in transition_to'
E, [2023-02-21T11:28:09.301155 #20401] ERROR -- default-debian: /var/lib/gems/3.1.0/gems/test-kitchen-3.5.0/lib/kitchen/instance.rb:390:in `each'
E, [2023-02-21T11:28:09.301158 #20401] ERROR -- default-debian: /var/lib/gems/3.1.0/gems/test-kitchen-3.5.0/lib/kitchen/instance.rb:390:in `transition_to'
E, [2023-02-21T11:28:09.301168 #20401] ERROR -- default-debian: /var/lib/gems/3.1.0/gems/test-kitchen-3.5.0/lib/kitchen/instance.rb:128:in `create'
E, [2023-02-21T11:28:09.301171 #20401] ERROR -- default-debian: /var/lib/gems/3.1.0/gems/test-kitchen-3.5.0/lib/kitchen/command.rb:195:in `public_send'
E, [2023-02-21T11:28:09.301174 #20401] ERROR -- default-debian: /var/lib/gems/3.1.0/gems/test-kitchen-3.5.0/lib/kitchen/command.rb:195:in `run_action_in_thread'
E, [2023-02-21T11:28:09.301177 #20401] ERROR -- default-debian: /var/lib/gems/3.1.0/gems/test-kitchen-3.5.0/lib/kitchen/command.rb:166:in `block (2 levels) in run_action'
E, [2023-02-21T11:28:09.301180 #20401] ERROR -- default-debian: ----End Backtrace-----
