I, [2023-02-21T11:28:08.590975 #20401]  INFO -- Kitchen: -----> Starting Test Kitchen (v3.5.0)
I, [2023-02-21T11:28:08.728887 #20401]  INFO -- Kitchen: -----> Creating <default-debian>...
E, [2023-02-21T11:28:09.301815 #20401] ERROR -- Kitchen: ------Exception-------
E, [2023-02-21T11:28:09.301836 #20401] ERROR -- Kitchen: Class: Kitchen::ActionFailed
E, [2023-02-21T11:28:09.301841 #20401] ERROR -- Kitchen: Message: 1 actions failed.
>>>>>>     Failed to complete #create action: [Expected process to exit with [0], but received '1'
---- Begin output of vagrant up --no-provision --provider libvirt ----
STDOUT: Bringing machine 'default' up with 'libvirt' provider...
STDERR: <internal:/usr/lib/ruby/vendor_ruby/rubygems/core_ext/kernel_require.rb>:85:in `require': unknown error - virInitialize failed (SystemCallError)
	from <internal:/usr/lib/ruby/vendor_ruby/rubygems/core_ext/kernel_require.rb>:85:in `require'
	from /usr/lib/ruby/vendor_ruby/libvirt.rb:11:in `<top (required)>'
	from <internal:/usr/lib/ruby/vendor_ruby/rubygems/core_ext/kernel_require.rb>:85:in `require'
	from <internal:/usr/lib/ruby/vendor_ruby/rubygems/core_ext/kernel_require.rb>:85:in `require'
	from /usr/lib/ruby/vendor_ruby/fog/libvirt.rb:4:in `<top (required)>'
	from <internal:/usr/lib/ruby/vendor_ruby/rubygems/core_ext/kernel_require.rb>:85:in `require'
	from <internal:/usr/lib/ruby/vendor_ruby/rubygems/core_ext/kernel_require.rb>:85:in `require'
	from /usr/share/rubygems-integration/all/gems/vagrant-libvirt-0.11.2/lib/vagrant-libvirt/driver.rb:3:in `<top (required)>'
	from <internal:/usr/lib/ruby/vendor_ruby/rubygems/core_ext/kernel_require.rb>:85:in `require'
	from <internal:/usr/lib/ruby/vendor_ruby/rubygems/core_ext/kernel_require.rb>:85:in `require'
	from /usr/share/rubygems-integration/all/gems/vagrant-libvirt-0.11.2/lib/vagrant-libvirt/provider.rb:31:in `driver'
	from /usr/share/rubygems-integration/all/gems/vagrant-libvirt-0.11.2/lib/vagrant-libvirt/action/create_networks.rb:28:in `initialize'
	from /usr/share/rubygems-integration/all/gems/vagrant-2.3.4/lib/vagrant/action/warden.rb:121:in `new'
	from /usr/share/rubygems-integration/all/gems/vagrant-2.3.4/lib/vagrant/action/warden.rb:121:in `finalize_action'
	from /usr/share/rubygems-integration/all/gems/vagrant-2.3.4/lib/vagrant/action/warden.rb:34:in `block in initialize'
	from /usr/share/rubygems-integration/all/gems/vagrant-2.3.4/lib/vagrant/action/warden.rb:34:in `map'
	from /usr/share/rubygems-integration/all/gems/vagrant-2.3.4/lib/vagrant/action/warden.rb:34:in `initialize'
	from /usr/share/rubygems-integration/all/gems/vagrant-2.3.4/lib/vagrant/action/builder.rb:220:in `new'
	from /usr/share/rubygems-integration/all/gems/vagrant-2.3.4/lib/vagrant/action/builder.rb:220:in `to_app'
	from /usr/share/rubygems-integration/all/gems/vagrant-2.3.4/lib/vagrant/action/builtin/call.rb:52:in `call'
	from /usr/share/rubygems-integration/all/gems/vagrant-2.3.4/lib/vagrant/action/warden.rb:48:in `call'
	from /usr/share/rubygems-integration/all/gems/vagrant-2.3.4/lib/vagrant/action/builtin/box_check_outdated.rb:31:in `call'
	from /usr/share/rubygems-integration/all/gems/vagrant-2.3.4/lib/vagrant/action/warden.rb:48:in `call'
	from /usr/share/rubygems-integration/all/gems/vagrant-2.3.4/lib/vagrant/action/builtin/config_validate.rb:25:in `call'
	from /usr/share/rubygems-integration/all/gems/vagrant-2.3.4/lib/vagrant/action/warden.rb:48:in `call'
	from /usr/share/rubygems-integration/all/gems/vagrant-2.3.4/lib/vagrant/action/builder.rb:180:in `call'
	from /usr/share/rubygems-integration/all/gems/vagrant-2.3.4/lib/vagrant/action/runner.rb:101:in `block in run'
	from /usr/share/rubygems-integration/all/gems/vagrant-2.3.4/lib/vagrant/util/busy.rb:19:in `busy'
	from /usr/share/rubygems-integration/all/gems/vagrant-2.3.4/lib/vagrant/action/runner.rb:101:in `run'
	from /usr/share/rubygems-integration/all/gems/vagrant-2.3.4/lib/vagrant/machine.rb:248:in `action_raw'
	from /usr/share/rubygems-integration/all/gems/vagrant-2.3.4/lib/vagrant/machine.rb:217:in `block in action'
	from /usr/share/rubygems-integration/all/gems/vagrant-2.3.4/lib/vagrant/environment.rb:631:in `lock'
	from /usr/share/rubygems-integration/all/gems/vagrant-2.3.4/lib/vagrant/machine.rb:203:in `call'
	from /usr/share/rubygems-integration/all/gems/vagrant-2.3.4/lib/vagrant/machine.rb:203:in `action'
	from /usr/share/rubygems-integration/all/gems/vagrant-2.3.4/lib/vagrant/batch_action.rb:86:in `block (2 levels) in run'
---- End output of vagrant up --no-provision --provider libvirt ----
Ran vagrant up --no-provision --provider libvirt returned 1] on default-debian
E, [2023-02-21T11:28:09.301854 #20401] ERROR -- Kitchen: ----------------------
E, [2023-02-21T11:28:09.301858 #20401] ERROR -- Kitchen: ------Backtrace-------
E, [2023-02-21T11:28:09.301861 #20401] ERROR -- Kitchen: /var/lib/gems/3.1.0/gems/test-kitchen-3.5.0/lib/kitchen/command.rb:181:in `report_errors'
E, [2023-02-21T11:28:09.301865 #20401] ERROR -- Kitchen: /var/lib/gems/3.1.0/gems/test-kitchen-3.5.0/lib/kitchen/command.rb:172:in `run_action'
E, [2023-02-21T11:28:09.301869 #20401] ERROR -- Kitchen: /var/lib/gems/3.1.0/gems/test-kitchen-3.5.0/lib/kitchen/command/action.rb:35:in `block in call'
E, [2023-02-21T11:28:09.301873 #20401] ERROR -- Kitchen: /usr/lib/ruby/3.1.0/benchmark.rb:296:in `measure'
E, [2023-02-21T11:28:09.301877 #20401] ERROR -- Kitchen: /var/lib/gems/3.1.0/gems/test-kitchen-3.5.0/lib/kitchen/command/action.rb:33:in `call'
E, [2023-02-21T11:28:09.301880 #20401] ERROR -- Kitchen: /var/lib/gems/3.1.0/gems/test-kitchen-3.5.0/lib/kitchen/cli.rb:52:in `perform'
E, [2023-02-21T11:28:09.301884 #20401] ERROR -- Kitchen: /var/lib/gems/3.1.0/gems/test-kitchen-3.5.0/lib/kitchen/cli.rb:198:in `block (2 levels) in <class:CLI>'
E, [2023-02-21T11:28:09.301888 #20401] ERROR -- Kitchen: /var/lib/gems/3.1.0/gems/thor-1.2.1/lib/thor/command.rb:27:in `run'
E, [2023-02-21T11:28:09.301892 #20401] ERROR -- Kitchen: /var/lib/gems/3.1.0/gems/thor-1.2.1/lib/thor/invocation.rb:127:in `invoke_command'
E, [2023-02-21T11:28:09.301895 #20401] ERROR -- Kitchen: /var/lib/gems/3.1.0/gems/thor-1.2.1/lib/thor.rb:392:in `dispatch'
E, [2023-02-21T11:28:09.301899 #20401] ERROR -- Kitchen: /var/lib/gems/3.1.0/gems/thor-1.2.1/lib/thor/base.rb:485:in `start'
E, [2023-02-21T11:28:09.301903 #20401] ERROR -- Kitchen: /var/lib/gems/3.1.0/gems/test-kitchen-3.5.0/bin/kitchen:11:in `block in <top (required)>'
E, [2023-02-21T11:28:09.301906 #20401] ERROR -- Kitchen: /var/lib/gems/3.1.0/gems/test-kitchen-3.5.0/lib/kitchen/errors.rb:183:in `with_friendly_errors'
E, [2023-02-21T11:28:09.301910 #20401] ERROR -- Kitchen: /var/lib/gems/3.1.0/gems/test-kitchen-3.5.0/bin/kitchen:11:in `<top (required)>'
E, [2023-02-21T11:28:09.301914 #20401] ERROR -- Kitchen: /usr/local/bin/kitchen:25:in `load'
E, [2023-02-21T11:28:09.301917 #20401] ERROR -- Kitchen: /usr/local/bin/kitchen:25:in `<main>'
E, [2023-02-21T11:28:09.301922 #20401] ERROR -- Kitchen: ----End Backtrace-----
E, [2023-02-21T11:28:09.301925 #20401] ERROR -- Kitchen: -Composite Exception--
E, [2023-02-21T11:28:09.301929 #20401] ERROR -- Kitchen: Class: Kitchen::ActionFailed
E, [2023-02-21T11:28:09.301935 #20401] ERROR -- Kitchen: Message: Failed to complete #create action: [Expected process to exit with [0], but received '1'
---- Begin output of vagrant up --no-provision --provider libvirt ----
STDOUT: Bringing machine 'default' up with 'libvirt' provider...
STDERR: <internal:/usr/lib/ruby/vendor_ruby/rubygems/core_ext/kernel_require.rb>:85:in `require': unknown error - virInitialize failed (SystemCallError)
	from <internal:/usr/lib/ruby/vendor_ruby/rubygems/core_ext/kernel_require.rb>:85:in `require'
	from /usr/lib/ruby/vendor_ruby/libvirt.rb:11:in `<top (required)>'
	from <internal:/usr/lib/ruby/vendor_ruby/rubygems/core_ext/kernel_require.rb>:85:in `require'
	from <internal:/usr/lib/ruby/vendor_ruby/rubygems/core_ext/kernel_require.rb>:85:in `require'
	from /usr/lib/ruby/vendor_ruby/fog/libvirt.rb:4:in `<top (required)>'
	from <internal:/usr/lib/ruby/vendor_ruby/rubygems/core_ext/kernel_require.rb>:85:in `require'
	from <internal:/usr/lib/ruby/vendor_ruby/rubygems/core_ext/kernel_require.rb>:85:in `require'
	from /usr/share/rubygems-integration/all/gems/vagrant-libvirt-0.11.2/lib/vagrant-libvirt/driver.rb:3:in `<top (required)>'
	from <internal:/usr/lib/ruby/vendor_ruby/rubygems/core_ext/kernel_require.rb>:85:in `require'
	from <internal:/usr/lib/ruby/vendor_ruby/rubygems/core_ext/kernel_require.rb>:85:in `require'
	from /usr/share/rubygems-integration/all/gems/vagrant-libvirt-0.11.2/lib/vagrant-libvirt/provider.rb:31:in `driver'
	from /usr/share/rubygems-integration/all/gems/vagrant-libvirt-0.11.2/lib/vagrant-libvirt/action/create_networks.rb:28:in `initialize'
	from /usr/share/rubygems-integration/all/gems/vagrant-2.3.4/lib/vagrant/action/warden.rb:121:in `new'
	from /usr/share/rubygems-integration/all/gems/vagrant-2.3.4/lib/vagrant/action/warden.rb:121:in `finalize_action'
	from /usr/share/rubygems-integration/all/gems/vagrant-2.3.4/lib/vagrant/action/warden.rb:34:in `block in initialize'
	from /usr/share/rubygems-integration/all/gems/vagrant-2.3.4/lib/vagrant/action/warden.rb:34:in `map'
	from /usr/share/rubygems-integration/all/gems/vagrant-2.3.4/lib/vagrant/action/warden.rb:34:in `initialize'
	from /usr/share/rubygems-integration/all/gems/vagrant-2.3.4/lib/vagrant/action/builder.rb:220:in `new'
	from /usr/share/rubygems-integration/all/gems/vagrant-2.3.4/lib/vagrant/action/builder.rb:220:in `to_app'
	from /usr/share/rubygems-integration/all/gems/vagrant-2.3.4/lib/vagrant/action/builtin/call.rb:52:in `call'
	from /usr/share/rubygems-integration/all/gems/vagrant-2.3.4/lib/vagrant/action/warden.rb:48:in `call'
	from /usr/share/rubygems-integration/all/gems/vagrant-2.3.4/lib/vagrant/action/builtin/box_check_outdated.rb:31:in `call'
	from /usr/share/rubygems-integration/all/gems/vagrant-2.3.4/lib/vagrant/action/warden.rb:48:in `call'
	from /usr/share/rubygems-integration/all/gems/vagrant-2.3.4/lib/vagrant/action/builtin/config_validate.rb:25:in `call'
	from /usr/share/rubygems-integration/all/gems/vagrant-2.3.4/lib/vagrant/action/warden.rb:48:in `call'
	from /usr/share/rubygems-integration/all/gems/vagrant-2.3.4/lib/vagrant/action/builder.rb:180:in `call'
	from /usr/share/rubygems-integration/all/gems/vagrant-2.3.4/lib/vagrant/action/runner.rb:101:in `block in run'
	from /usr/share/rubygems-integration/all/gems/vagrant-2.3.4/lib/vagrant/util/busy.rb:19:in `busy'
	from /usr/share/rubygems-integration/all/gems/vagrant-2.3.4/lib/vagrant/action/runner.rb:101:in `run'
	from /usr/share/rubygems-integration/all/gems/vagrant-2.3.4/lib/vagrant/machine.rb:248:in `action_raw'
	from /usr/share/rubygems-integration/all/gems/vagrant-2.3.4/lib/vagrant/machine.rb:217:in `block in action'
	from /usr/share/rubygems-integration/all/gems/vagrant-2.3.4/lib/vagrant/environment.rb:631:in `lock'
	from /usr/share/rubygems-integration/all/gems/vagrant-2.3.4/lib/vagrant/machine.rb:203:in `call'
	from /usr/share/rubygems-integration/all/gems/vagrant-2.3.4/lib/vagrant/machine.rb:203:in `action'
	from /usr/share/rubygems-integration/all/gems/vagrant-2.3.4/lib/vagrant/batch_action.rb:86:in `block (2 levels) in run'
---- End output of vagrant up --no-provision --provider libvirt ----
Ran vagrant up --no-provision --provider libvirt returned 1] on default-debian
E, [2023-02-21T11:28:09.301941 #20401] ERROR -- Kitchen: ----------------------
E, [2023-02-21T11:28:09.301945 #20401] ERROR -- Kitchen: ------Backtrace-------
E, [2023-02-21T11:28:09.301949 #20401] ERROR -- Kitchen: /var/lib/gems/3.1.0/gems/test-kitchen-3.5.0/lib/kitchen/shell_out.rb:70:in `rescue in run_command'
E, [2023-02-21T11:28:09.301952 #20401] ERROR -- Kitchen: /var/lib/gems/3.1.0/gems/test-kitchen-3.5.0/lib/kitchen/shell_out.rb:57:in `run_command'
E, [2023-02-21T11:28:09.301956 #20401] ERROR -- Kitchen: /var/lib/gems/3.1.0/gems/kitchen-vagrant-1.14.0/lib/kitchen/driver/vagrant.rb:484:in `run_command'
E, [2023-02-21T11:28:09.301959 #20401] ERROR -- Kitchen: /var/lib/gems/3.1.0/gems/kitchen-vagrant-1.14.0/lib/kitchen/driver/vagrant.rb:431:in `run'
E, [2023-02-21T11:28:09.301963 #20401] ERROR -- Kitchen: /var/lib/gems/3.1.0/gems/kitchen-vagrant-1.14.0/lib/kitchen/driver/vagrant.rb:535:in `run_vagrant_up'
E, [2023-02-21T11:28:09.301968 #20401] ERROR -- Kitchen: /var/lib/gems/3.1.0/gems/kitchen-vagrant-1.14.0/lib/kitchen/driver/vagrant.rb:119:in `create'
E, [2023-02-21T11:28:09.301971 #20401] ERROR -- Kitchen: /var/lib/gems/3.1.0/gems/test-kitchen-3.5.0/lib/kitchen/instance.rb:495:in `public_send'
E, [2023-02-21T11:28:09.301976 #20401] ERROR -- Kitchen: /var/lib/gems/3.1.0/gems/test-kitchen-3.5.0/lib/kitchen/instance.rb:495:in `block in perform_action'
E, [2023-02-21T11:28:09.301980 #20401] ERROR -- Kitchen: /var/lib/gems/3.1.0/gems/test-kitchen-3.5.0/lib/kitchen/instance.rb:560:in `block in synchronize_or_call'
E, [2023-02-21T11:28:09.301983 #20401] ERROR -- Kitchen: /var/lib/gems/3.1.0/gems/test-kitchen-3.5.0/lib/kitchen/instance.rb:558:in `synchronize'
E, [2023-02-21T11:28:09.301987 #20401] ERROR -- Kitchen: /var/lib/gems/3.1.0/gems/test-kitchen-3.5.0/lib/kitchen/instance.rb:558:in `synchronize_or_call'
E, [2023-02-21T11:28:09.301991 #20401] ERROR -- Kitchen: /var/lib/gems/3.1.0/gems/test-kitchen-3.5.0/lib/kitchen/instance.rb:524:in `block in action'
E, [2023-02-21T11:28:09.301994 #20401] ERROR -- Kitchen: /usr/lib/ruby/3.1.0/benchmark.rb:296:in `measure'
E, [2023-02-21T11:28:09.304379 #20401] ERROR -- Kitchen: /var/lib/gems/3.1.0/gems/test-kitchen-3.5.0/lib/kitchen/instance.rb:523:in `action'
E, [2023-02-21T11:28:09.304388 #20401] ERROR -- Kitchen: /var/lib/gems/3.1.0/gems/test-kitchen-3.5.0/lib/kitchen/instance.rb:495:in `perform_action'
E, [2023-02-21T11:28:09.304393 #20401] ERROR -- Kitchen: /var/lib/gems/3.1.0/gems/test-kitchen-3.5.0/lib/kitchen/instance.rb:404:in `create_action'
E, [2023-02-21T11:28:09.304397 #20401] ERROR -- Kitchen: /var/lib/gems/3.1.0/gems/test-kitchen-3.5.0/lib/kitchen/instance.rb:392:in `block (2 levels) in transition_to'
E, [2023-02-21T11:28:09.304400 #20401] ERROR -- Kitchen: /var/lib/gems/3.1.0/gems/test-kitchen-3.5.0/lib/kitchen/lifecycle_hooks.rb:47:in `run_with_hooks'
E, [2023-02-21T11:28:09.304404 #20401] ERROR -- Kitchen: /var/lib/gems/3.1.0/gems/test-kitchen-3.5.0/lib/kitchen/instance.rb:391:in `block in transition_to'
E, [2023-02-21T11:28:09.304408 #20401] ERROR -- Kitchen: /var/lib/gems/3.1.0/gems/test-kitchen-3.5.0/lib/kitchen/instance.rb:390:in `each'
E, [2023-02-21T11:28:09.304411 #20401] ERROR -- Kitchen: /var/lib/gems/3.1.0/gems/test-kitchen-3.5.0/lib/kitchen/instance.rb:390:in `transition_to'
E, [2023-02-21T11:28:09.304415 #20401] ERROR -- Kitchen: /var/lib/gems/3.1.0/gems/test-kitchen-3.5.0/lib/kitchen/instance.rb:128:in `create'
E, [2023-02-21T11:28:09.304418 #20401] ERROR -- Kitchen: /var/lib/gems/3.1.0/gems/test-kitchen-3.5.0/lib/kitchen/command.rb:195:in `public_send'
E, [2023-02-21T11:28:09.304422 #20401] ERROR -- Kitchen: /var/lib/gems/3.1.0/gems/test-kitchen-3.5.0/lib/kitchen/command.rb:195:in `run_action_in_thread'
E, [2023-02-21T11:28:09.304425 #20401] ERROR -- Kitchen: /var/lib/gems/3.1.0/gems/test-kitchen-3.5.0/lib/kitchen/command.rb:166:in `block (2 levels) in run_action'
E, [2023-02-21T11:28:09.304429 #20401] ERROR -- Kitchen: ----End Backtrace-----
E, [2023-02-21T11:28:09.304433 #20401] ERROR -- Kitchen: ---Nested Exception---
E, [2023-02-21T11:28:09.304436 #20401] ERROR -- Kitchen: Class: Kitchen::ActionFailed
E, [2023-02-21T11:28:09.304439 #20401] ERROR -- Kitchen: Message: Failed to complete #create action: [Expected process to exit with [0], but received '1'
---- Begin output of vagrant up --no-provision --provider libvirt ----
STDOUT: Bringing machine 'default' up with 'libvirt' provider...
STDERR: <internal:/usr/lib/ruby/vendor_ruby/rubygems/core_ext/kernel_require.rb>:85:in `require': unknown error - virInitialize failed (SystemCallError)
	from <internal:/usr/lib/ruby/vendor_ruby/rubygems/core_ext/kernel_require.rb>:85:in `require'
	from /usr/lib/ruby/vendor_ruby/libvirt.rb:11:in `<top (required)>'
	from <internal:/usr/lib/ruby/vendor_ruby/rubygems/core_ext/kernel_require.rb>:85:in `require'
	from <internal:/usr/lib/ruby/vendor_ruby/rubygems/core_ext/kernel_require.rb>:85:in `require'
	from /usr/lib/ruby/vendor_ruby/fog/libvirt.rb:4:in `<top (required)>'
	from <internal:/usr/lib/ruby/vendor_ruby/rubygems/core_ext/kernel_require.rb>:85:in `require'
	from <internal:/usr/lib/ruby/vendor_ruby/rubygems/core_ext/kernel_require.rb>:85:in `require'
	from /usr/share/rubygems-integration/all/gems/vagrant-libvirt-0.11.2/lib/vagrant-libvirt/driver.rb:3:in `<top (required)>'
	from <internal:/usr/lib/ruby/vendor_ruby/rubygems/core_ext/kernel_require.rb>:85:in `require'
	from <internal:/usr/lib/ruby/vendor_ruby/rubygems/core_ext/kernel_require.rb>:85:in `require'
	from /usr/share/rubygems-integration/all/gems/vagrant-libvirt-0.11.2/lib/vagrant-libvirt/provider.rb:31:in `driver'
	from /usr/share/rubygems-integration/all/gems/vagrant-libvirt-0.11.2/lib/vagrant-libvirt/action/create_networks.rb:28:in `initialize'
	from /usr/share/rubygems-integration/all/gems/vagrant-2.3.4/lib/vagrant/action/warden.rb:121:in `new'
	from /usr/share/rubygems-integration/all/gems/vagrant-2.3.4/lib/vagrant/action/warden.rb:121:in `finalize_action'
	from /usr/share/rubygems-integration/all/gems/vagrant-2.3.4/lib/vagrant/action/warden.rb:34:in `block in initialize'
	from /usr/share/rubygems-integration/all/gems/vagrant-2.3.4/lib/vagrant/action/warden.rb:34:in `map'
	from /usr/share/rubygems-integration/all/gems/vagrant-2.3.4/lib/vagrant/action/warden.rb:34:in `initialize'
	from /usr/share/rubygems-integration/all/gems/vagrant-2.3.4/lib/vagrant/action/builder.rb:220:in `new'
	from /usr/share/rubygems-integration/all/gems/vagrant-2.3.4/lib/vagrant/action/builder.rb:220:in `to_app'
	from /usr/share/rubygems-integration/all/gems/vagrant-2.3.4/lib/vagrant/action/builtin/call.rb:52:in `call'
	from /usr/share/rubygems-integration/all/gems/vagrant-2.3.4/lib/vagrant/action/warden.rb:48:in `call'
	from /usr/share/rubygems-integration/all/gems/vagrant-2.3.4/lib/vagrant/action/builtin/box_check_outdated.rb:31:in `call'
	from /usr/share/rubygems-integration/all/gems/vagrant-2.3.4/lib/vagrant/action/warden.rb:48:in `call'
	from /usr/share/rubygems-integration/all/gems/vagrant-2.3.4/lib/vagrant/action/builtin/config_validate.rb:25:in `call'
	from /usr/share/rubygems-integration/all/gems/vagrant-2.3.4/lib/vagrant/action/warden.rb:48:in `call'
	from /usr/share/rubygems-integration/all/gems/vagrant-2.3.4/lib/vagrant/action/builder.rb:180:in `call'
	from /usr/share/rubygems-integration/all/gems/vagrant-2.3.4/lib/vagrant/action/runner.rb:101:in `block in run'
	from /usr/share/rubygems-integration/all/gems/vagrant-2.3.4/lib/vagrant/util/busy.rb:19:in `busy'
	from /usr/share/rubygems-integration/all/gems/vagrant-2.3.4/lib/vagrant/action/runner.rb:101:in `run'
	from /usr/share/rubygems-integration/all/gems/vagrant-2.3.4/lib/vagrant/machine.rb:248:in `action_raw'
	from /usr/share/rubygems-integration/all/gems/vagrant-2.3.4/lib/vagrant/machine.rb:217:in `block in action'
	from /usr/share/rubygems-integration/all/gems/vagrant-2.3.4/lib/vagrant/environment.rb:631:in `lock'
	from /usr/share/rubygems-integration/all/gems/vagrant-2.3.4/lib/vagrant/machine.rb:203:in `call'
	from /usr/share/rubygems-integration/all/gems/vagrant-2.3.4/lib/vagrant/machine.rb:203:in `action'
	from /usr/share/rubygems-integration/all/gems/vagrant-2.3.4/lib/vagrant/batch_action.rb:86:in `block (2 levels) in run'
---- End output of vagrant up --no-provision --provider libvirt ----
Ran vagrant up --no-provision --provider libvirt returned 1]
E, [2023-02-21T11:28:09.304463 #20401] ERROR -- Kitchen: ----------------------
E, [2023-02-21T11:28:09.304467 #20401] ERROR -- Kitchen: ------Backtrace-------
E, [2023-02-21T11:28:09.304470 #20401] ERROR -- Kitchen: /var/lib/gems/3.1.0/gems/test-kitchen-3.5.0/lib/kitchen/shell_out.rb:70:in `rescue in run_command'
E, [2023-02-21T11:28:09.304474 #20401] ERROR -- Kitchen: /var/lib/gems/3.1.0/gems/test-kitchen-3.5.0/lib/kitchen/shell_out.rb:57:in `run_command'
E, [2023-02-21T11:28:09.304478 #20401] ERROR -- Kitchen: /var/lib/gems/3.1.0/gems/kitchen-vagrant-1.14.0/lib/kitchen/driver/vagrant.rb:484:in `run_command'
E, [2023-02-21T11:28:09.304482 #20401] ERROR -- Kitchen: /var/lib/gems/3.1.0/gems/kitchen-vagrant-1.14.0/lib/kitchen/driver/vagrant.rb:431:in `run'
E, [2023-02-21T11:28:09.304487 #20401] ERROR -- Kitchen: /var/lib/gems/3.1.0/gems/kitchen-vagrant-1.14.0/lib/kitchen/driver/vagrant.rb:535:in `run_vagrant_up'
E, [2023-02-21T11:28:09.304491 #20401] ERROR -- Kitchen: /var/lib/gems/3.1.0/gems/kitchen-vagrant-1.14.0/lib/kitchen/driver/vagrant.rb:119:in `create'
E, [2023-02-21T11:28:09.304494 #20401] ERROR -- Kitchen: /var/lib/gems/3.1.0/gems/test-kitchen-3.5.0/lib/kitchen/instance.rb:495:in `public_send'
E, [2023-02-21T11:28:09.304498 #20401] ERROR -- Kitchen: /var/lib/gems/3.1.0/gems/test-kitchen-3.5.0/lib/kitchen/instance.rb:495:in `block in perform_action'
E, [2023-02-21T11:28:09.304501 #20401] ERROR -- Kitchen: /var/lib/gems/3.1.0/gems/test-kitchen-3.5.0/lib/kitchen/instance.rb:560:in `block in synchronize_or_call'
E, [2023-02-21T11:28:09.304505 #20401] ERROR -- Kitchen: /var/lib/gems/3.1.0/gems/test-kitchen-3.5.0/lib/kitchen/instance.rb:558:in `synchronize'
E, [2023-02-21T11:28:09.304509 #20401] ERROR -- Kitchen: /var/lib/gems/3.1.0/gems/test-kitchen-3.5.0/lib/kitchen/instance.rb:558:in `synchronize_or_call'
E, [2023-02-21T11:28:09.304512 #20401] ERROR -- Kitchen: /var/lib/gems/3.1.0/gems/test-kitchen-3.5.0/lib/kitchen/instance.rb:524:in `block in action'
E, [2023-02-21T11:28:09.304516 #20401] ERROR -- Kitchen: /usr/lib/ruby/3.1.0/benchmark.rb:296:in `measure'
E, [2023-02-21T11:28:09.304519 #20401] ERROR -- Kitchen: /var/lib/gems/3.1.0/gems/test-kitchen-3.5.0/lib/kitchen/instance.rb:523:in `action'
E, [2023-02-21T11:28:09.304523 #20401] ERROR -- Kitchen: /var/lib/gems/3.1.0/gems/test-kitchen-3.5.0/lib/kitchen/instance.rb:495:in `perform_action'
E, [2023-02-21T11:28:09.304526 #20401] ERROR -- Kitchen: /var/lib/gems/3.1.0/gems/test-kitchen-3.5.0/lib/kitchen/instance.rb:404:in `create_action'
E, [2023-02-21T11:28:09.304530 #20401] ERROR -- Kitchen: /var/lib/gems/3.1.0/gems/test-kitchen-3.5.0/lib/kitchen/instance.rb:392:in `block (2 levels) in transition_to'
E, [2023-02-21T11:28:09.304533 #20401] ERROR -- Kitchen: /var/lib/gems/3.1.0/gems/test-kitchen-3.5.0/lib/kitchen/lifecycle_hooks.rb:47:in `run_with_hooks'
E, [2023-02-21T11:28:09.304537 #20401] ERROR -- Kitchen: /var/lib/gems/3.1.0/gems/test-kitchen-3.5.0/lib/kitchen/instance.rb:391:in `block in transition_to'
E, [2023-02-21T11:28:09.304540 #20401] ERROR -- Kitchen: /var/lib/gems/3.1.0/gems/test-kitchen-3.5.0/lib/kitchen/instance.rb:390:in `each'
E, [2023-02-21T11:28:09.304544 #20401] ERROR -- Kitchen: /var/lib/gems/3.1.0/gems/test-kitchen-3.5.0/lib/kitchen/instance.rb:390:in `transition_to'
E, [2023-02-21T11:28:09.304547 #20401] ERROR -- Kitchen: /var/lib/gems/3.1.0/gems/test-kitchen-3.5.0/lib/kitchen/instance.rb:128:in `create'
E, [2023-02-21T11:28:09.304551 #20401] ERROR -- Kitchen: /var/lib/gems/3.1.0/gems/test-kitchen-3.5.0/lib/kitchen/command.rb:195:in `public_send'
E, [2023-02-21T11:28:09.304555 #20401] ERROR -- Kitchen: /var/lib/gems/3.1.0/gems/test-kitchen-3.5.0/lib/kitchen/command.rb:195:in `run_action_in_thread'
E, [2023-02-21T11:28:09.304558 #20401] ERROR -- Kitchen: /var/lib/gems/3.1.0/gems/test-kitchen-3.5.0/lib/kitchen/command.rb:166:in `block (2 levels) in run_action'
E, [2023-02-21T11:28:09.304562 #20401] ERROR -- Kitchen: ----End Backtrace-----
